<?xml version="1.0" encoding="UTF-8"?>
<!-- Generated by org.testng.reporters.JUnitReportReporter -->
<testsuite hostname="ATHENA" name="siege.RDP.DistributedTest" tests="1" failures="0" timestamp="21 May 2018 19:43:23 GMT" time="530.290" errors="0">
  <testcase name="MeasureRun" time="530.290" classname="siege.RDP.DistributedTest"/>
</testsuite> <!-- siege.RDP.DistributedTest -->
