<?xml version="1.0" encoding="UTF-8"?>
<!-- Generated by org.testng.reporters.JUnitReportReporter -->
<testsuite hostname="ATHENA" name="siege.RDP.DistributedTest" tests="1" failures="0" timestamp="13 May 2018 12:21:22 GMT" time="0.987" errors="0">
  <testcase name="SimpleRun" time="0.987" classname="siege.RDP.DistributedTest"/>
</testsuite> <!-- siege.RDP.DistributedTest -->
