<?xml version="1.0" encoding="UTF-8"?>
<!-- Generated by org.testng.reporters.JUnitReportReporter -->
<testsuite hostname="ATHENA" name="siege.RDP.DistributedTest" tests="1" failures="0" timestamp="13 May 2018 12:41:45 GMT" time="2.480" errors="0">
  <testcase name="SimpleRun" time="2.480" classname="siege.RDP.DistributedTest"/>
</testsuite> <!-- siege.RDP.DistributedTest -->
