<?xml version="1.0" encoding="UTF-8"?>
<!-- Generated by org.testng.reporters.JUnitReportReporter -->
<testsuite hostname="ATHENA" name="siege.RDP.DistributedTest" tests="1" failures="0" timestamp="6 May 2018 17:26:38 GMT" time="1.691" errors="0">
  <testcase name="SimpleRun" time="1.691" classname="siege.RDP.DistributedTest"/>
</testsuite> <!-- siege.RDP.DistributedTest -->
