<?xml version="1.0" encoding="UTF-8"?>
<!-- Generated by org.testng.reporters.JUnitReportReporter -->
<testsuite hostname="ATHENA" name="siege.RDP.DistributedTest" tests="2" failures="0" timestamp="13 May 2018 17:54:39 GMT" time="40.939" errors="0">
  <testcase name="MeasureRun" time="39.317" classname="siege.RDP.DistributedTest"/>
  <testcase name="SimpleRun" time="1.622" classname="siege.RDP.DistributedTest"/>
</testsuite> <!-- siege.RDP.DistributedTest -->
