<?xml version="1.0" encoding="UTF-8"?>
<!-- Generated by org.testng.reporters.JUnitReportReporter -->
<testsuite hostname="ATHENA" name="siege.RDP.DistributedTest" tests="2" failures="0" timestamp="26 May 2018 21:01:06 GMT" time="2.434" errors="0">
  <testcase name="MeasureRun" time="0.565" classname="siege.RDP.DistributedTest"/>
  <testcase name="SimpleRun" time="1.869" classname="siege.RDP.DistributedTest"/>
</testsuite> <!-- siege.RDP.DistributedTest -->
